<?xml version="1.0" encoding="UTF-8"?>
<testsuite xmlns:xsi="http://www.w3.org/2001/XMLSchema-instance" xsi:noNamespaceSchemaLocation="https://maven.apache.org/surefire/maven-surefire-plugin/xsd/surefire-test-report-3.0.xsd" version="3.0" name="HabitServiceTests" time="0.04" tests="8" errors="0" skipped="0" failures="0">
  <properties>
    <property name="java.specification.version" value="23"/>
    <property name="sun.jnu.encoding" value="UTF-8"/>
    <property name="java.class.path" value="/Users/dmitryfatsievich/Desktop/IT_projects/java/HabitsApp/Habits/target/test-classes:/Users/dmitryfatsievich/Desktop/IT_projects/java/HabitsApp/Habits/target/classes:/Users/dmitryfatsievich/.m2/repository/org/projectlombok/lombok/1.18.34/lombok-1.18.34.jar:/Users/dmitryfatsievich/.m2/repository/org/junit/jupiter/junit-jupiter-api/5.9.1/junit-jupiter-api-5.9.1.jar:/Users/dmitryfatsievich/.m2/repository/org/opentest4j/opentest4j/1.2.0/opentest4j-1.2.0.jar:/Users/dmitryfatsievich/.m2/repository/org/junit/platform/junit-platform-commons/1.9.1/junit-platform-commons-1.9.1.jar:/Users/dmitryfatsievich/.m2/repository/org/apiguardian/apiguardian-api/1.1.2/apiguardian-api-1.1.2.jar:/Users/dmitryfatsievich/.m2/repository/org/junit/jupiter/junit-jupiter-engine/5.9.1/junit-jupiter-engine-5.9.1.jar:/Users/dmitryfatsievich/.m2/repository/org/junit/platform/junit-platform-engine/1.9.1/junit-platform-engine-1.9.1.jar:/Users/dmitryfatsievich/.m2/repository/org/eclipse/angus/angus-mail/2.0.1/angus-mail-2.0.1.jar:/Users/dmitryfatsievich/.m2/repository/jakarta/activation/jakarta.activation-api/2.1.1/jakarta.activation-api-2.1.1.jar:/Users/dmitryfatsievich/.m2/repository/jakarta/mail/jakarta.mail-api/2.1.1/jakarta.mail-api-2.1.1.jar:/Users/dmitryfatsievich/.m2/repository/org/eclipse/angus/angus-activation/2.0.0/angus-activation-2.0.0.jar:/Users/dmitryfatsievich/.m2/repository/org/mockito/mockito-junit-jupiter/4.0.0/mockito-junit-jupiter-4.0.0.jar:/Users/dmitryfatsievich/.m2/repository/org/mockito/mockito-core/4.0.0/mockito-core-4.0.0.jar:/Users/dmitryfatsievich/.m2/repository/net/bytebuddy/byte-buddy/1.11.19/byte-buddy-1.11.19.jar:/Users/dmitryfatsievich/.m2/repository/net/bytebuddy/byte-buddy-agent/1.11.19/byte-buddy-agent-1.11.19.jar:/Users/dmitryfatsievich/.m2/repository/org/objenesis/objenesis/3.2/objenesis-3.2.jar:/Users/dmitryfatsievich/.m2/repository/org/assertj/assertj-core/3.21.0/assertj-core-3.21.0.jar:/Users/dmitryfatsievich/.m2/repository/javax/mail/mail/1.4.7/mail-1.4.7.jar:/Users/dmitryfatsievich/.m2/repository/javax/activation/activation/1.1/activation-1.1.jar:"/>
    <property name="java.vm.vendor" value="Homebrew"/>
    <property name="sun.arch.data.model" value="64"/>
    <property name="java.vendor.url" value="https://github.com/Homebrew/homebrew-core/issues"/>
    <property name="os.name" value="Mac OS X"/>
    <property name="java.vm.specification.version" value="23"/>
    <property name="sun.java.launcher" value="SUN_STANDARD"/>
    <property name="user.country" value="RU"/>
    <property name="sun.boot.library.path" value="/opt/homebrew/Cellar/openjdk/23/libexec/openjdk.jdk/Contents/Home/lib"/>
    <property name="sun.java.command" value="/Users/dmitryfatsievich/Desktop/IT_projects/java/HabitsApp/Habits/target/surefire/surefirebooter-20241010215932213_3.jar /Users/dmitryfatsievich/Desktop/IT_projects/java/HabitsApp/Habits/target/surefire 2024-10-10T21-59-32_155-jvmRun1 surefire-20241010215932213_1tmp surefire_0-20241010215932213_2tmp"/>
    <property name="jdk.debug" value="release"/>
    <property name="surefire.test.class.path" value="/Users/dmitryfatsievich/Desktop/IT_projects/java/HabitsApp/Habits/target/test-classes:/Users/dmitryfatsievich/Desktop/IT_projects/java/HabitsApp/Habits/target/classes:/Users/dmitryfatsievich/.m2/repository/org/projectlombok/lombok/1.18.34/lombok-1.18.34.jar:/Users/dmitryfatsievich/.m2/repository/org/junit/jupiter/junit-jupiter-api/5.9.1/junit-jupiter-api-5.9.1.jar:/Users/dmitryfatsievich/.m2/repository/org/opentest4j/opentest4j/1.2.0/opentest4j-1.2.0.jar:/Users/dmitryfatsievich/.m2/repository/org/junit/platform/junit-platform-commons/1.9.1/junit-platform-commons-1.9.1.jar:/Users/dmitryfatsievich/.m2/repository/org/apiguardian/apiguardian-api/1.1.2/apiguardian-api-1.1.2.jar:/Users/dmitryfatsievich/.m2/repository/org/junit/jupiter/junit-jupiter-engine/5.9.1/junit-jupiter-engine-5.9.1.jar:/Users/dmitryfatsievich/.m2/repository/org/junit/platform/junit-platform-engine/1.9.1/junit-platform-engine-1.9.1.jar:/Users/dmitryfatsievich/.m2/repository/org/eclipse/angus/angus-mail/2.0.1/angus-mail-2.0.1.jar:/Users/dmitryfatsievich/.m2/repository/jakarta/activation/jakarta.activation-api/2.1.1/jakarta.activation-api-2.1.1.jar:/Users/dmitryfatsievich/.m2/repository/jakarta/mail/jakarta.mail-api/2.1.1/jakarta.mail-api-2.1.1.jar:/Users/dmitryfatsievich/.m2/repository/org/eclipse/angus/angus-activation/2.0.0/angus-activation-2.0.0.jar:/Users/dmitryfatsievich/.m2/repository/org/mockito/mockito-junit-jupiter/4.0.0/mockito-junit-jupiter-4.0.0.jar:/Users/dmitryfatsievich/.m2/repository/org/mockito/mockito-core/4.0.0/mockito-core-4.0.0.jar:/Users/dmitryfatsievich/.m2/repository/net/bytebuddy/byte-buddy/1.11.19/byte-buddy-1.11.19.jar:/Users/dmitryfatsievich/.m2/repository/net/bytebuddy/byte-buddy-agent/1.11.19/byte-buddy-agent-1.11.19.jar:/Users/dmitryfatsievich/.m2/repository/org/objenesis/objenesis/3.2/objenesis-3.2.jar:/Users/dmitryfatsievich/.m2/repository/org/assertj/assertj-core/3.21.0/assertj-core-3.21.0.jar:/Users/dmitryfatsievich/.m2/repository/javax/mail/mail/1.4.7/mail-1.4.7.jar:/Users/dmitryfatsievich/.m2/repository/javax/activation/activation/1.1/activation-1.1.jar:"/>
    <property name="sun.cpu.endian" value="little"/>
    <property name="user.home" value="/Users/dmitryfatsievich"/>
    <property name="user.language" value="ru"/>
    <property name="java.specification.vendor" value="Oracle Corporation"/>
    <property name="java.version.date" value="2024-09-17"/>
    <property name="java.home" value="/opt/homebrew/Cellar/openjdk/23/libexec/openjdk.jdk/Contents/Home"/>
    <property name="file.separator" value="/"/>
    <property name="basedir" value="/Users/dmitryfatsievich/Desktop/IT_projects/java/HabitsApp/Habits"/>
    <property name="java.vm.compressedOopsMode" value="Zero based"/>
    <property name="line.separator" value="&#10;"/>
    <property name="java.specification.name" value="Java Platform API Specification"/>
    <property name="java.vm.specification.vendor" value="Oracle Corporation"/>
    <property name="apple.awt.application.name" value="ForkedBooter"/>
    <property name="surefire.real.class.path" value="/Users/dmitryfatsievich/Desktop/IT_projects/java/HabitsApp/Habits/target/surefire/surefirebooter-20241010215932213_3.jar"/>
    <property name="sun.management.compiler" value="HotSpot 64-Bit Tiered Compilers"/>
    <property name="java.runtime.version" value="23"/>
    <property name="user.name" value="dmitryfatsievich"/>
    <property name="stdout.encoding" value="UTF-8"/>
    <property name="path.separator" value=":"/>
    <property name="os.version" value="14.0"/>
    <property name="java.runtime.name" value="OpenJDK Runtime Environment"/>
    <property name="file.encoding" value="UTF-8"/>
    <property name="java.vm.name" value="OpenJDK 64-Bit Server VM"/>
    <property name="java.vendor.version" value="Homebrew"/>
    <property name="localRepository" value="/Users/dmitryfatsievich/.m2/repository"/>
    <property name="java.vendor.url.bug" value="https://github.com/Homebrew/homebrew-core/issues"/>
    <property name="java.io.tmpdir" value="/var/folders/03/r1grlp8139j5gk890zb324g00000gn/T/"/>
    <property name="java.version" value="23"/>
    <property name="user.dir" value="/Users/dmitryfatsievich/Desktop/IT_projects/java/HabitsApp/Habits"/>
    <property name="os.arch" value="aarch64"/>
    <property name="java.vm.specification.name" value="Java Virtual Machine Specification"/>
    <property name="native.encoding" value="UTF-8"/>
    <property name="java.library.path" value="/Users/dmitryfatsievich/Library/Java/Extensions:/Library/Java/Extensions:/Network/Library/Java/Extensions:/System/Library/Java/Extensions:/usr/lib/java:."/>
    <property name="java.vm.info" value="mixed mode, sharing"/>
    <property name="stderr.encoding" value="UTF-8"/>
    <property name="java.vendor" value="Homebrew"/>
    <property name="java.vm.version" value="23"/>
    <property name="sun.io.unicode.encoding" value="UnicodeBig"/>
    <property name="java.class.version" value="67.0"/>
  </properties>
  <testcase name="testUpdateHabitDescription" classname="HabitServiceTests" time="0.03"/>
  <testcase name="testDeleteHabit_one" classname="HabitServiceTests" time="0.001"/>
  <testcase name="testDeleteHabit_several" classname="HabitServiceTests" time="0.001"/>
  <testcase name="testUpdateHabitName" classname="HabitServiceTests" time="0.001"/>
  <testcase name="testUpdateHabitInterval" classname="HabitServiceTests" time="0.003"/>
  <testcase name="testDeleteAll" classname="HabitServiceTests" time="0.0"/>
  <testcase name="testCreateHabit_several" classname="HabitServiceTests" time="0.0"/>
  <testcase name="testCreateHabit_one" classname="HabitServiceTests" time="0.001"/>
</testsuite>